{
  "RSpec": {
    "coverage": {
      "/Users/nicholasmcenroe/turing_work/3mod/projects/final_project/lunch_and_learn/config/environment.rb": {
        "lines": [
          null,
          1,
          null,
          null,
          1
        ]
      },
      "/Users/nicholasmcenroe/turing_work/3mod/projects/final_project/lunch_and_learn/config/application.rb": {
        "lines": [
          1,
          null,
          1,
          null,
          1,
          1,
          1,
          1,
          1,
          1,
          1,
          1,
          1,
          1,
          null,
          null,
          null,
          null,
          1,
          null,
          1,
          1,
          null,
          1,
          null,
          null,
          null,
          null,
          null,
          null,
          null,
          null,
          null,
          null,
          null,
          null,
          1,
          null,
          null
        ]
      },
      "/Users/nicholasmcenroe/turing_work/3mod/projects/final_project/lunch_and_learn/config/boot.rb": {
        "lines": [
          1,
          null,
          1,
          1
        ]
      },
      "/Users/nicholasmcenroe/turing_work/3mod/projects/final_project/lunch_and_learn/config/environments/test.rb": {
        "lines": [
          1,
          null,
          null,
          null,
          null,
          null,
          null,
          1,
          null,
          null,
          null,
          1,
          null,
          null,
          null,
          null,
          1,
          null,
          null,
          1,
          1,
          null,
          null,
          null,
          null,
          1,
          1,
          1,
          null,
          null,
          1,
          null,
          null,
          1,
          null,
          null,
          1,
          null,
          1,
          null,
          null,
          null,
          null,
          1,
          null,
          null,
          1,
          null,
          null,
          1,
          null,
          null,
          1,
          null,
          null,
          null,
          null,
          null,
          null,
          null
        ]
      },
      "/Users/nicholasmcenroe/turing_work/3mod/projects/final_project/lunch_and_learn/config/initializers/cors.rb": {
        "lines": [
          null,
          null,
          null,
          null,
          null,
          null,
          null,
          null,
          null,
          null,
          null,
          null,
          null,
          null,
          null,
          null
        ]
      },
      "/Users/nicholasmcenroe/turing_work/3mod/projects/final_project/lunch_and_learn/config/initializers/filter_parameter_logging.rb": {
        "lines": [
          null,
          null,
          null,
          null,
          null,
          1,
          null,
          null
        ]
      },
      "/Users/nicholasmcenroe/turing_work/3mod/projects/final_project/lunch_and_learn/config/initializers/inflections.rb": {
        "lines": [
          null,
          null,
          null,
          null,
          null,
          null,
          null,
          null,
          null,
          null,
          null,
          null,
          null,
          null,
          null,
          null
        ]
      },
      "/Users/nicholasmcenroe/turing_work/3mod/projects/final_project/lunch_and_learn/config/routes.rb": {
        "lines": [
          1,
          null,
          1,
          1,
          1,
          1,
          null,
          null,
          null
        ]
      },
      "/Users/nicholasmcenroe/turing_work/3mod/projects/final_project/lunch_and_learn/app/facades/recipe_facade.rb": {
        "lines": [
          1,
          1,
          1,
          5,
          null,
          null,
          1,
          5,
          1,
          null,
          1,
          null,
          1,
          20,
          null,
          null,
          4,
          null,
          4,
          40,
          null,
          null,
          null,
          null
        ]
      },
      "/Users/nicholasmcenroe/turing_work/3mod/projects/final_project/lunch_and_learn/spec/poros/learning_resource_spec.rb": {
        "lines": [

        ]
      },
      "/Users/nicholasmcenroe/turing_work/3mod/projects/final_project/lunch_and_learn/spec/poros/recipe_spec.rb": {
        "lines": [
          1,
          null,
          1,
          1,
          null,
          1,
          null,
          null,
          null,
          null,
          null,
          null,
          1,
          null,
          1,
          1,
          1,
          1,
          1,
          null,
          null
        ]
      },
      "/Users/nicholasmcenroe/turing_work/3mod/projects/final_project/lunch_and_learn/app/poros/recipe.rb": {
        "lines": [
          1,
          1,
          1,
          61,
          61,
          61,
          61,
          null,
          null
        ]
      },
      "/Users/nicholasmcenroe/turing_work/3mod/projects/final_project/lunch_and_learn/spec/requests/api/v1/learning_resources_request_spec.rb": {
        "lines": [
          1,
          null,
          1,
          1,
          1,
          null,
          1,
          null,
          0,
          null,
          0,
          null,
          0,
          null,
          0,
          0,
          null,
          0,
          0,
          null,
          0,
          0,
          null,
          0,
          0,
          0,
          null,
          0,
          0,
          0,
          null,
          null,
          null,
          null,
          null,
          null,
          null
        ]
      },
      "/Users/nicholasmcenroe/turing_work/3mod/projects/final_project/lunch_and_learn/spec/requests/api/v1/recipes_request_spec.rb": {
        "lines": [
          1,
          null,
          1,
          1,
          1,
          null,
          1,
          null,
          1,
          null,
          1,
          null,
          1,
          null,
          1,
          20,
          20,
          null,
          20,
          20,
          null,
          20,
          20,
          20,
          20,
          20,
          null,
          20,
          20,
          20,
          null,
          null,
          null,
          null,
          1,
          1,
          null,
          1,
          null,
          1,
          null,
          1,
          null,
          1,
          null,
          1,
          20,
          20,
          null,
          20,
          20,
          null,
          20,
          20,
          20,
          20,
          20,
          null,
          20,
          20,
          20,
          null,
          null,
          null,
          1,
          1,
          null,
          1,
          null,
          1,
          null,
          1,
          null,
          1,
          null,
          1,
          null,
          null,
          1,
          1,
          null,
          1,
          null,
          1,
          null,
          1,
          null,
          1,
          null,
          1,
          null,
          null
        ]
      },
      "/Users/nicholasmcenroe/turing_work/3mod/projects/final_project/lunch_and_learn/spec/services/country_service_spec.rb": {
        "lines": [
          1,
          null,
          1,
          1,
          1,
          1,
          0,
          null,
          0,
          null,
          0,
          null,
          0,
          0,
          null,
          0,
          null,
          0,
          0,
          null,
          0,
          0,
          null,
          0,
          0,
          null,
          null,
          null,
          null
        ]
      },
      "/Users/nicholasmcenroe/turing_work/3mod/projects/final_project/lunch_and_learn/app/services/country_service.rb": {
        "lines": [
          1,
          1,
          1,
          1,
          null,
          null,
          1,
          1,
          null,
          null,
          1,
          1,
          null,
          null
        ]
      },
      "/Users/nicholasmcenroe/turing_work/3mod/projects/final_project/lunch_and_learn/spec/services/recipe_service_spec.rb": {
        "lines": [
          1,
          null,
          1,
          1,
          1,
          1,
          1,
          null,
          1,
          1,
          null,
          1,
          null,
          1,
          1,
          null,
          1,
          1,
          null,
          1,
          1,
          null,
          null,
          null,
          null
        ]
      },
      "/Users/nicholasmcenroe/turing_work/3mod/projects/final_project/lunch_and_learn/app/services/recipe_service.rb": {
        "lines": [
          1,
          1,
          6,
          6,
          null,
          null,
          1,
          6,
          6,
          6,
          6,
          null,
          null,
          null,
          1,
          6,
          null,
          null
        ]
      },
      "/Users/nicholasmcenroe/turing_work/3mod/projects/final_project/lunch_and_learn/app/controllers/api/v1/learning_resources_controller.rb": {
        "lines": [
          1,
          null,
          1,
          1,
          0,
          null,
          null
        ]
      },
      "/Users/nicholasmcenroe/turing_work/3mod/projects/final_project/lunch_and_learn/app/controllers/application_controller.rb": {
        "lines": [
          1,
          null
        ]
      },
      "/Users/nicholasmcenroe/turing_work/3mod/projects/final_project/lunch_and_learn/app/facades/learning_resources_facade.rb": {
        "lines": [
          null,
          null,
          null,
          null,
          null,
          null,
          null,
          null,
          null,
          null,
          null,
          null,
          null,
          null
        ]
      },
      "/Users/nicholasmcenroe/turing_work/3mod/projects/final_project/lunch_and_learn/app/controllers/api/v1/recipes_controller.rb": {
        "lines": [
          1,
          null,
          1,
          4,
          4,
          null,
          null
        ]
      },
      "/Users/nicholasmcenroe/turing_work/3mod/projects/final_project/lunch_and_learn/app/serializers/recipe_serializer.rb": {
        "lines": [
          1,
          1,
          41,
          1,
          1,
          null
        ]
      }
    },
    "timestamp": 1699974067
  }
}
